
 /----------------------------------------------------------------------------\
 |                                                                            |
 |  yosys -- Yosys Open SYnthesis Suite                                       |
 |                                                                            |
 |  Copyright (C) 2012 - 2020  Claire Xenia Wolf <claire@yosyshq.com>         |
 |                                                                            |
 |  Permission to use, copy, modify, and/or distribute this software for any  |
 |  purpose with or without fee is hereby granted, provided that the above    |
 |  copyright notice and this permission notice appear in all copies.         |
 |                                                                            |
 |  THE SOFTWARE IS PROVIDED "AS IS" AND THE AUTHOR DISCLAIMS ALL WARRANTIES  |
 |  WITH REGARD TO THIS SOFTWARE INCLUDING ALL IMPLIED WARRANTIES OF          |
 |  MERCHANTABILITY AND FITNESS. IN NO EVENT SHALL THE AUTHOR BE LIABLE FOR   |
 |  ANY SPECIAL, DIRECT, INDIRECT, OR CONSEQUENTIAL DAMAGES OR ANY DAMAGES    |
 |  WHATSOEVER RESULTING FROM LOSS OF USE, DATA OR PROFITS, WHETHER IN AN     |
 |  ACTION OF CONTRACT, NEGLIGENCE OR OTHER TORTIOUS ACTION, ARISING OUT OF   |
 |  OR IN CONNECTION WITH THE USE OR PERFORMANCE OF THIS SOFTWARE.            |
 |                                                                            |
 \----------------------------------------------------------------------------/

 Yosys 0.18 (git sha1 19ce3b45d6, gcc 11.3.0 -fPIC -Os)


-- Executing script file `design_smt2.ys' --

1. Executing RTLIL frontend.
Input filename: design.il

2. Executing DFFUNMAP pass (unmap clock enable and synchronous reset from FFs).

3. Printing statistics.

=== iserdes ===

   Number of wires:                 38
   Number of wire bits:            124
   Number of public wires:           8
   Number of public wire bits:      34
   Number of memories:               0
   Number of memory bits:            0
   Number of processes:              0
   Number of cells:                 38
     $add                            1
     $and                            1
     $anyseq                         1
     $assume                         4
     $eq                             2
     $eqx                            2
     $ff                            16
     $logic_and                      3
     $logic_not                      2
     $mux                            6

4. Executing SMT2 backend.

4.1. Executing BMUXMAP pass.

4.2. Executing DEMUXMAP pass.
Creating SMT-LIBv2 representation of module iserdes.

End of script. Logfile hash: ae47aed059, CPU: user 0.00s system 0.01s, MEM: 13.37 MB peak
Yosys 0.18 (git sha1 19ce3b45d6, gcc 11.3.0 -fPIC -Os)
Time spent: 63% 2x write_smt2 (0 sec), 28% 2x read_ilang (0 sec), ...
