
 /----------------------------------------------------------------------------\
 |                                                                            |
 |  yosys -- Yosys Open SYnthesis Suite                                       |
 |                                                                            |
 |  Copyright (C) 2012 - 2020  Claire Xenia Wolf <claire@yosyshq.com>         |
 |                                                                            |
 |  Permission to use, copy, modify, and/or distribute this software for any  |
 |  purpose with or without fee is hereby granted, provided that the above    |
 |  copyright notice and this permission notice appear in all copies.         |
 |                                                                            |
 |  THE SOFTWARE IS PROVIDED "AS IS" AND THE AUTHOR DISCLAIMS ALL WARRANTIES  |
 |  WITH REGARD TO THIS SOFTWARE INCLUDING ALL IMPLIED WARRANTIES OF          |
 |  MERCHANTABILITY AND FITNESS. IN NO EVENT SHALL THE AUTHOR BE LIABLE FOR   |
 |  ANY SPECIAL, DIRECT, INDIRECT, OR CONSEQUENTIAL DAMAGES OR ANY DAMAGES    |
 |  WHATSOEVER RESULTING FROM LOSS OF USE, DATA OR PROFITS, WHETHER IN AN     |
 |  ACTION OF CONTRACT, NEGLIGENCE OR OTHER TORTIOUS ACTION, ARISING OUT OF   |
 |  OR IN CONNECTION WITH THE USE OR PERFORMANCE OF THIS SOFTWARE.            |
 |                                                                            |
 \----------------------------------------------------------------------------/

 Yosys 0.18 (git sha1 19ce3b45d6, gcc 11.3.0 -fPIC -Os)


-- Executing script file `../model/design.ys' --

1. Executing Verilog-2005 frontend: absoneup.v
Parsing formal SystemVerilog input from `absoneup.v' to AST representation.
Storing AST representation for module `$abstract\absoneup'.
Successfully finished Verilog frontend.

2. Executing PREP pass.

2.1. Executing HIERARCHY pass (managing design hierarchy).

2.2. Executing AST frontend in derive mode using pre-parsed AST for module `\absoneup'.
Generating RTLIL representation for module `\absoneup'.

2.2.1. Analyzing design hierarchy..
Top module:  \absoneup

2.2.2. Analyzing design hierarchy..
Top module:  \absoneup
Removing unused module `$abstract\absoneup'.
Removed 1 unused modules.
Module absoneup directly or indirectly contains formal properties -> setting "keep" attribute.

2.3. Executing PROC pass (convert processes to netlists).

2.3.1. Executing PROC_CLEAN pass (remove empty switches from decision trees).
Cleaned up 0 empty switches.

2.3.2. Executing PROC_RMDEAD pass (remove dead branches from decision trees).
Marked 1 switch rules as full_case in process $proc$absoneup.v:83$24 in module absoneup.
Marked 1 switch rules as full_case in process $proc$absoneup.v:101$6 in module absoneup.
Removed a total of 0 dead cases.

2.3.3. Executing PROC_PRUNE pass (remove redundant assignments in processes).
Removed 2 redundant assignments.
Promoted 9 assignments to connections.

2.3.4. Executing PROC_INIT pass (extract init attributes).
Found init rule in `\absoneup.$proc$absoneup.v:0$48'.
  Set init value: $formal$absoneup.v:86$5_EN = 1'0
Found init rule in `\absoneup.$proc$absoneup.v:0$46'.
  Set init value: $formal$absoneup.v:84$4_EN = 1'0
Found init rule in `\absoneup.$proc$absoneup.v:0$44'.
  Set init value: $formal$absoneup.v:132$3_EN = 1'0
Found init rule in `\absoneup.$proc$absoneup.v:0$42'.
  Set init value: $formal$absoneup.v:128$2_EN = 1'0
Found init rule in `\absoneup.$proc$absoneup.v:0$41'.
  Set init value: \f_past_valid = 1'0
Found init rule in `\absoneup.$proc$absoneup.v:0$40'.
  Set init value: \o_carry = 1'0
Found init rule in `\absoneup.$proc$absoneup.v:0$39'.
  Set init value: \r_count = 32'11111111111111111111111111111010

2.3.5. Executing PROC_ARST pass (detect async resets in processes).

2.3.6. Executing PROC_ROM pass (convert switches to ROMs).
Converted 0 switches.
<suppressed ~4 debug messages>

2.3.7. Executing PROC_MUX pass (convert decision trees to multiplexers).
Creating decoders for process `\absoneup.$proc$absoneup.v:0$48'.
Creating decoders for process `\absoneup.$proc$absoneup.v:0$46'.
Creating decoders for process `\absoneup.$proc$absoneup.v:0$44'.
Creating decoders for process `\absoneup.$proc$absoneup.v:0$42'.
Creating decoders for process `\absoneup.$proc$absoneup.v:0$41'.
Creating decoders for process `\absoneup.$proc$absoneup.v:0$40'.
Creating decoders for process `\absoneup.$proc$absoneup.v:0$39'.
Creating decoders for process `\absoneup.$proc$absoneup.v:83$24'.
     1/4: $0$formal$absoneup.v:84$4_EN[0:0]$26
     2/4: $0$formal$absoneup.v:84$4_CHECK[0:0]$25
     3/4: $0$formal$absoneup.v:86$5_EN[0:0]$28
     4/4: $0$formal$absoneup.v:86$5_CHECK[0:0]$27
Creating decoders for process `\absoneup.$proc$absoneup.v:131$15'.
     1/2: $0$formal$absoneup.v:132$3_EN[0:0]$18
     2/2: $0$formal$absoneup.v:132$3_CHECK[0:0]$17
Creating decoders for process `\absoneup.$proc$absoneup.v:127$10'.
     1/2: $0$formal$absoneup.v:128$2_EN[0:0]$12
     2/2: $0$formal$absoneup.v:128$2_CHECK[0:0]$11
Creating decoders for process `\absoneup.$proc$absoneup.v:114$9'.
Creating decoders for process `\absoneup.$proc$absoneup.v:101$6'.
     1/2: $0\r_count[31:0]
     2/2: $0\o_carry[0:0]

2.3.8. Executing PROC_DLATCH pass (convert process syncs to latches).

2.3.9. Executing PROC_DFF pass (convert process syncs to FFs).
Creating register for signal `\absoneup.$formal$absoneup.v:84$4_CHECK' using process `\absoneup.$proc$absoneup.v:83$24'.
  created $dff cell `$procdff$76' with positive edge clock.
Creating register for signal `\absoneup.$formal$absoneup.v:84$4_EN' using process `\absoneup.$proc$absoneup.v:83$24'.
  created $dff cell `$procdff$77' with positive edge clock.
Creating register for signal `\absoneup.$formal$absoneup.v:86$5_CHECK' using process `\absoneup.$proc$absoneup.v:83$24'.
  created $dff cell `$procdff$78' with positive edge clock.
Creating register for signal `\absoneup.$formal$absoneup.v:86$5_EN' using process `\absoneup.$proc$absoneup.v:83$24'.
  created $dff cell `$procdff$79' with positive edge clock.
Creating register for signal `\absoneup.$past$absoneup.v:132$1$0' using process `\absoneup.$proc$absoneup.v:131$15'.
  created $dff cell `$procdff$80' with positive edge clock.
Creating register for signal `\absoneup.$formal$absoneup.v:132$3_CHECK' using process `\absoneup.$proc$absoneup.v:131$15'.
  created $dff cell `$procdff$81' with positive edge clock.
Creating register for signal `\absoneup.$formal$absoneup.v:132$3_EN' using process `\absoneup.$proc$absoneup.v:131$15'.
  created $dff cell `$procdff$82' with positive edge clock.
Creating register for signal `\absoneup.$formal$absoneup.v:128$2_CHECK' using process `\absoneup.$proc$absoneup.v:127$10'.
  created $dff cell `$procdff$83' with positive edge clock.
Creating register for signal `\absoneup.$formal$absoneup.v:128$2_EN' using process `\absoneup.$proc$absoneup.v:127$10'.
  created $dff cell `$procdff$84' with positive edge clock.
Creating register for signal `\absoneup.\f_past_valid' using process `\absoneup.$proc$absoneup.v:114$9'.
  created $dff cell `$procdff$85' with positive edge clock.
Creating register for signal `\absoneup.\o_carry' using process `\absoneup.$proc$absoneup.v:101$6'.
  created $dff cell `$procdff$86' with positive edge clock.
Creating register for signal `\absoneup.\r_count' using process `\absoneup.$proc$absoneup.v:101$6'.
  created $dff cell `$procdff$87' with positive edge clock.

2.3.10. Executing PROC_MEMWR pass (convert process memory writes to cells).

2.3.11. Executing PROC_CLEAN pass (remove empty switches from decision trees).
Removing empty process `absoneup.$proc$absoneup.v:0$48'.
Removing empty process `absoneup.$proc$absoneup.v:0$46'.
Removing empty process `absoneup.$proc$absoneup.v:0$44'.
Removing empty process `absoneup.$proc$absoneup.v:0$42'.
Removing empty process `absoneup.$proc$absoneup.v:0$41'.
Removing empty process `absoneup.$proc$absoneup.v:0$40'.
Removing empty process `absoneup.$proc$absoneup.v:0$39'.
Found and cleaned up 1 empty switch in `\absoneup.$proc$absoneup.v:83$24'.
Removing empty process `absoneup.$proc$absoneup.v:83$24'.
Found and cleaned up 1 empty switch in `\absoneup.$proc$absoneup.v:131$15'.
Removing empty process `absoneup.$proc$absoneup.v:131$15'.
Found and cleaned up 1 empty switch in `\absoneup.$proc$absoneup.v:127$10'.
Removing empty process `absoneup.$proc$absoneup.v:127$10'.
Removing empty process `absoneup.$proc$absoneup.v:114$9'.
Found and cleaned up 1 empty switch in `\absoneup.$proc$absoneup.v:101$6'.
Removing empty process `absoneup.$proc$absoneup.v:101$6'.
Cleaned up 4 empty switches.

2.3.12. Executing OPT_EXPR pass (perform const folding).
Optimizing module absoneup.
<suppressed ~1 debug messages>

2.4. Executing OPT_EXPR pass (perform const folding).
Optimizing module absoneup.

2.5. Executing OPT_CLEAN pass (remove unused cells and wires).
Finding unused cells or wires in module \absoneup..
Removed 0 unused cells and 30 unused wires.
<suppressed ~1 debug messages>

2.6. Executing CHECK pass (checking for obvious problems).
Checking module absoneup...
Found and reported 0 problems.

2.7. Executing OPT pass (performing simple optimizations).

2.7.1. Executing OPT_EXPR pass (perform const folding).
Optimizing module absoneup.

2.7.2. Executing OPT_MERGE pass (detect identical cells).
Finding identical cells in module `\absoneup'.
<suppressed ~6 debug messages>
Removed a total of 2 cells.

2.7.3. Executing OPT_MUXTREE pass (detect dead branches in mux trees).
Running muxtree optimizer on module \absoneup..
  Creating internal representation of mux trees.
  Evaluating internal representation of mux trees.
  Analyzing evaluation results.
Removed 0 multiplexer ports.
<suppressed ~10 debug messages>

2.7.4. Executing OPT_REDUCE pass (consolidate $*mux and $reduce_* inputs).
  Optimizing cells in module \absoneup.
Performed a total of 0 changes.

2.7.5. Executing OPT_MERGE pass (detect identical cells).
Finding identical cells in module `\absoneup'.
<suppressed ~6 debug messages>
Removed a total of 2 cells.

2.7.6. Executing OPT_CLEAN pass (remove unused cells and wires).
Finding unused cells or wires in module \absoneup..
Removed 0 unused cells and 4 unused wires.
<suppressed ~1 debug messages>

2.7.7. Executing OPT_EXPR pass (perform const folding).
Optimizing module absoneup.

2.7.8. Rerunning OPT passes. (Maybe there is more to do..)

2.7.9. Executing OPT_MUXTREE pass (detect dead branches in mux trees).
Running muxtree optimizer on module \absoneup..
  Creating internal representation of mux trees.
  Evaluating internal representation of mux trees.
  Analyzing evaluation results.
Removed 0 multiplexer ports.
<suppressed ~9 debug messages>

2.7.10. Executing OPT_REDUCE pass (consolidate $*mux and $reduce_* inputs).
  Optimizing cells in module \absoneup.
Performed a total of 0 changes.

2.7.11. Executing OPT_MERGE pass (detect identical cells).
Finding identical cells in module `\absoneup'.
Removed a total of 0 cells.

2.7.12. Executing OPT_CLEAN pass (remove unused cells and wires).
Finding unused cells or wires in module \absoneup..

2.7.13. Executing OPT_EXPR pass (perform const folding).
Optimizing module absoneup.

2.7.14. Finished OPT passes. (There is nothing left to do.)

2.8. Executing WREDUCE pass (reducing word size of cells).
Removed top 31 bits (of 32) from port B of cell absoneup.$eq$absoneup.v:85$30 ($eq).
Removed top 31 bits (of 32) from port B of cell absoneup.$gt$absoneup.v:87$31 ($gt).

2.9. Executing OPT_CLEAN pass (remove unused cells and wires).
Finding unused cells or wires in module \absoneup..

2.10. Executing MEMORY_COLLECT pass (generating $mem cells).

2.11. Executing OPT pass (performing simple optimizations).

2.11.1. Executing OPT_EXPR pass (perform const folding).
Optimizing module absoneup.

2.11.2. Executing OPT_MERGE pass (detect identical cells).
Finding identical cells in module `\absoneup'.
Removed a total of 0 cells.

2.11.3. Executing OPT_CLEAN pass (remove unused cells and wires).
Finding unused cells or wires in module \absoneup..

2.11.4. Finished fast OPT passes.

2.12. Printing statistics.

=== absoneup ===

   Number of wires:                 35
   Number of wire bits:            221
   Number of public wires:           6
   Number of public wire bits:      99
   Number of memories:               0
   Number of memory bits:            0
   Number of processes:              0
   Number of cells:                 37
     $add                            1
     $anyseq                         1
     $assert                         2
     $assume                         2
     $dff                           11
     $eq                             2
     $gt                             1
     $le                             1
     $logic_and                      2
     $logic_not                      3
     $mux                            9
     $reduce_and                     1
     $sub                            1

2.13. Executing CHECK pass (checking for obvious problems).
Checking module absoneup...
Found and reported 0 problems.

3. Executing MEMORY_NORDFF pass (extracting $dff cells from memories).

4. Executing ASYNC2SYNC pass.

5. Executing OPT_CLEAN pass (remove unused cells and wires).
Finding unused cells or wires in module \absoneup..
Removed 3 unused cells and 3 unused wires.
<suppressed ~4 debug messages>

6. Executing SETUNDEF pass (replace undef values with defined constants).

7. Executing OPT pass (performing simple optimizations).

7.1. Executing OPT_EXPR pass (perform const folding).
Optimizing module absoneup.

7.2. Executing OPT_MERGE pass (detect identical cells).
Finding identical cells in module `\absoneup'.
Removed a total of 0 cells.

7.3. Executing OPT_DFF pass (perform DFF optimizations).
Adding SRST signal on $procdff$87 ($dff) from module absoneup (D = $add$absoneup.v:107$8_Y, Q = \r_count, rval = 0).

7.4. Executing OPT_CLEAN pass (remove unused cells and wires).
Finding unused cells or wires in module \absoneup..
Removed 1 unused cells and 1 unused wires.
<suppressed ~2 debug messages>

7.5. Rerunning OPT passes. (Removed registers in this run.)

7.6. Executing OPT_EXPR pass (perform const folding).
Optimizing module absoneup.

7.7. Executing OPT_MERGE pass (detect identical cells).
Finding identical cells in module `\absoneup'.
Removed a total of 0 cells.

7.8. Executing OPT_DFF pass (perform DFF optimizations).

7.9. Executing OPT_CLEAN pass (remove unused cells and wires).
Finding unused cells or wires in module \absoneup..

7.10. Finished fast OPT passes.

8. Executing CHECK pass (checking for obvious problems).
Checking module absoneup...
Found and reported 0 problems.

9. Executing HIERARCHY pass (managing design hierarchy).

9.1. Analyzing design hierarchy..
Top module:  \absoneup

9.2. Analyzing design hierarchy..
Top module:  \absoneup
Removed 0 unused modules.
Module absoneup directly or indirectly contains formal properties -> setting "keep" attribute.

10. Executing RTLIL backend.
Output filename: ../model/design.il

End of script. Logfile hash: bd64d44e73, CPU: user 0.03s system 0.00s, MEM: 14.10 MB peak
Yosys 0.18 (git sha1 19ce3b45d6, gcc 11.3.0 -fPIC -Os)
Time spent: 30% 8x opt_clean (0 sec), 24% 8x opt_expr (0 sec), ...
