
 /----------------------------------------------------------------------------\
 |                                                                            |
 |  yosys -- Yosys Open SYnthesis Suite                                       |
 |                                                                            |
 |  Copyright (C) 2012 - 2020  Claire Xenia Wolf <claire@yosyshq.com>         |
 |                                                                            |
 |  Permission to use, copy, modify, and/or distribute this software for any  |
 |  purpose with or without fee is hereby granted, provided that the above    |
 |  copyright notice and this permission notice appear in all copies.         |
 |                                                                            |
 |  THE SOFTWARE IS PROVIDED "AS IS" AND THE AUTHOR DISCLAIMS ALL WARRANTIES  |
 |  WITH REGARD TO THIS SOFTWARE INCLUDING ALL IMPLIED WARRANTIES OF          |
 |  MERCHANTABILITY AND FITNESS. IN NO EVENT SHALL THE AUTHOR BE LIABLE FOR   |
 |  ANY SPECIAL, DIRECT, INDIRECT, OR CONSEQUENTIAL DAMAGES OR ANY DAMAGES    |
 |  WHATSOEVER RESULTING FROM LOSS OF USE, DATA OR PROFITS, WHETHER IN AN     |
 |  ACTION OF CONTRACT, NEGLIGENCE OR OTHER TORTIOUS ACTION, ARISING OUT OF   |
 |  OR IN CONNECTION WITH THE USE OR PERFORMANCE OF THIS SOFTWARE.            |
 |                                                                            |
 \----------------------------------------------------------------------------/

 Yosys 0.18 (git sha1 19ce3b45d6, gcc 11.3.0 -fPIC -Os)


-- Executing script file `../model/design.ys' --

1. Executing Verilog-2005 frontend: reqarb.v
Parsing formal SystemVerilog input from `reqarb.v' to AST representation.
Storing AST representation for module `$abstract\reqarb'.
Successfully finished Verilog frontend.

2. Executing PREP pass.

2.1. Executing HIERARCHY pass (managing design hierarchy).

2.2. Executing AST frontend in derive mode using pre-parsed AST for module `\reqarb'.
Generating RTLIL representation for module `\reqarb'.

2.2.1. Analyzing design hierarchy..
Top module:  \reqarb

2.2.2. Analyzing design hierarchy..
Top module:  \reqarb
Removing unused module `$abstract\reqarb'.
Removed 1 unused modules.
Module reqarb directly or indirectly contains formal properties -> setting "keep" attribute.

2.3. Executing PROC pass (convert processes to netlists).

2.3.1. Executing PROC_CLEAN pass (remove empty switches from decision trees).
Cleaned up 0 empty switches.

2.3.2. Executing PROC_RMDEAD pass (remove dead branches from decision trees).
Marked 2 switch rules as full_case in process $proc$reqarb.v:91$9 in module reqarb.
Removed a total of 0 dead cases.

2.3.3. Executing PROC_PRUNE pass (remove redundant assignments in processes).
Removed 0 redundant assignments.
Promoted 12 assignments to connections.

2.3.4. Executing PROC_INIT pass (extract init attributes).
Found init rule in `\reqarb.$proc$reqarb.v:0$63'.
  Set init value: $formal$reqarb.v:126$8_EN = 1'0
Found init rule in `\reqarb.$proc$reqarb.v:0$61'.
  Set init value: $formal$reqarb.v:121$7_EN = 1'0
Found init rule in `\reqarb.$proc$reqarb.v:0$59'.
  Set init value: $formal$reqarb.v:118$6_EN = 1'0
Found init rule in `\reqarb.$proc$reqarb.v:0$57'.
  Set init value: $formal$reqarb.v:115$5_EN = 1'0
Found init rule in `\reqarb.$proc$reqarb.v:0$56'.
  Set init value: \a_is_the_owner = 1'0

2.3.5. Executing PROC_ARST pass (detect async resets in processes).

2.3.6. Executing PROC_ROM pass (convert switches to ROMs).
Converted 0 switches.
<suppressed ~6 debug messages>

2.3.7. Executing PROC_MUX pass (convert decision trees to multiplexers).
Creating decoders for process `\reqarb.$proc$reqarb.v:0$63'.
Creating decoders for process `\reqarb.$proc$reqarb.v:0$61'.
Creating decoders for process `\reqarb.$proc$reqarb.v:0$59'.
Creating decoders for process `\reqarb.$proc$reqarb.v:0$57'.
Creating decoders for process `\reqarb.$proc$reqarb.v:0$56'.
Creating decoders for process `\reqarb.$proc$reqarb.v:126$47'.
Creating decoders for process `\reqarb.$proc$reqarb.v:114$23'.
     1/6: $0$formal$reqarb.v:115$5_EN[0:0]$28
     2/6: $0$formal$reqarb.v:115$5_CHECK[0:0]$27
     3/6: $0$formal$reqarb.v:118$6_EN[0:0]$30
     4/6: $0$formal$reqarb.v:118$6_CHECK[0:0]$29
     5/6: $0$formal$reqarb.v:121$7_EN[0:0]$32
     6/6: $0$formal$reqarb.v:121$7_CHECK[0:0]$31
Creating decoders for process `\reqarb.$proc$reqarb.v:111$19'.
Creating decoders for process `\reqarb.$proc$reqarb.v:91$9'.
     1/1: $0\a_is_the_owner[0:0]

2.3.8. Executing PROC_DLATCH pass (convert process syncs to latches).
No latch inferred for signal `\reqarb.$formal$reqarb.v:111$4_CHECK' from process `\reqarb.$proc$reqarb.v:111$19'.
No latch inferred for signal `\reqarb.$formal$reqarb.v:111$4_EN' from process `\reqarb.$proc$reqarb.v:111$19'.

2.3.9. Executing PROC_DFF pass (convert process syncs to FFs).
Creating register for signal `\reqarb.$formal$reqarb.v:126$8_CHECK' using process `\reqarb.$proc$reqarb.v:126$47'.
  created $dff cell `$procdff$85' with positive edge clock.
Creating register for signal `\reqarb.$formal$reqarb.v:126$8_EN' using process `\reqarb.$proc$reqarb.v:126$47'.
  created $dff cell `$procdff$86' with positive edge clock.
Creating register for signal `\reqarb.$past$reqarb.v:116$1$0' using process `\reqarb.$proc$reqarb.v:114$23'.
  created $dff cell `$procdff$87' with positive edge clock.
Creating register for signal `\reqarb.$past$reqarb.v:119$2$0' using process `\reqarb.$proc$reqarb.v:114$23'.
  created $dff cell `$procdff$88' with positive edge clock.
Creating register for signal `\reqarb.$past$reqarb.v:122$3$0' using process `\reqarb.$proc$reqarb.v:114$23'.
  created $dff cell `$procdff$89' with positive edge clock.
Creating register for signal `\reqarb.$formal$reqarb.v:115$5_CHECK' using process `\reqarb.$proc$reqarb.v:114$23'.
  created $dff cell `$procdff$90' with positive edge clock.
Creating register for signal `\reqarb.$formal$reqarb.v:115$5_EN' using process `\reqarb.$proc$reqarb.v:114$23'.
  created $dff cell `$procdff$91' with positive edge clock.
Creating register for signal `\reqarb.$formal$reqarb.v:118$6_CHECK' using process `\reqarb.$proc$reqarb.v:114$23'.
  created $dff cell `$procdff$92' with positive edge clock.
Creating register for signal `\reqarb.$formal$reqarb.v:118$6_EN' using process `\reqarb.$proc$reqarb.v:114$23'.
  created $dff cell `$procdff$93' with positive edge clock.
Creating register for signal `\reqarb.$formal$reqarb.v:121$7_CHECK' using process `\reqarb.$proc$reqarb.v:114$23'.
  created $dff cell `$procdff$94' with positive edge clock.
Creating register for signal `\reqarb.$formal$reqarb.v:121$7_EN' using process `\reqarb.$proc$reqarb.v:114$23'.
  created $dff cell `$procdff$95' with positive edge clock.
Creating register for signal `\reqarb.\a_is_the_owner' using process `\reqarb.$proc$reqarb.v:91$9'.
  created $dff cell `$procdff$96' with positive edge clock.

2.3.10. Executing PROC_MEMWR pass (convert process memory writes to cells).

2.3.11. Executing PROC_CLEAN pass (remove empty switches from decision trees).
Removing empty process `reqarb.$proc$reqarb.v:0$63'.
Removing empty process `reqarb.$proc$reqarb.v:0$61'.
Removing empty process `reqarb.$proc$reqarb.v:0$59'.
Removing empty process `reqarb.$proc$reqarb.v:0$57'.
Removing empty process `reqarb.$proc$reqarb.v:0$56'.
Removing empty process `reqarb.$proc$reqarb.v:126$47'.
Found and cleaned up 3 empty switches in `\reqarb.$proc$reqarb.v:114$23'.
Removing empty process `reqarb.$proc$reqarb.v:114$23'.
Removing empty process `reqarb.$proc$reqarb.v:111$19'.
Found and cleaned up 3 empty switches in `\reqarb.$proc$reqarb.v:91$9'.
Removing empty process `reqarb.$proc$reqarb.v:91$9'.
Cleaned up 6 empty switches.

2.3.12. Executing OPT_EXPR pass (perform const folding).
Optimizing module reqarb.

2.4. Executing OPT_EXPR pass (perform const folding).
Optimizing module reqarb.

2.5. Executing OPT_CLEAN pass (remove unused cells and wires).
Finding unused cells or wires in module \reqarb..
Removed 0 unused cells and 34 unused wires.
<suppressed ~1 debug messages>

2.6. Executing CHECK pass (checking for obvious problems).
Checking module reqarb...
Found and reported 0 problems.

2.7. Executing OPT pass (performing simple optimizations).

2.7.1. Executing OPT_EXPR pass (perform const folding).
Optimizing module reqarb.

2.7.2. Executing OPT_MERGE pass (detect identical cells).
Finding identical cells in module `\reqarb'.
<suppressed ~9 debug messages>
Removed a total of 3 cells.

2.7.3. Executing OPT_MUXTREE pass (detect dead branches in mux trees).
Running muxtree optimizer on module \reqarb..
  Creating internal representation of mux trees.
  Evaluating internal representation of mux trees.
  Analyzing evaluation results.
Removed 0 multiplexer ports.
<suppressed ~9 debug messages>

2.7.4. Executing OPT_REDUCE pass (consolidate $*mux and $reduce_* inputs).
  Optimizing cells in module \reqarb.
Performed a total of 0 changes.

2.7.5. Executing OPT_MERGE pass (detect identical cells).
Finding identical cells in module `\reqarb'.
Removed a total of 0 cells.

2.7.6. Executing OPT_CLEAN pass (remove unused cells and wires).
Finding unused cells or wires in module \reqarb..
Removed 0 unused cells and 3 unused wires.
<suppressed ~1 debug messages>

2.7.7. Executing OPT_EXPR pass (perform const folding).
Optimizing module reqarb.

2.7.8. Rerunning OPT passes. (Maybe there is more to do..)

2.7.9. Executing OPT_MUXTREE pass (detect dead branches in mux trees).
Running muxtree optimizer on module \reqarb..
  Creating internal representation of mux trees.
  Evaluating internal representation of mux trees.
  Analyzing evaluation results.
Removed 0 multiplexer ports.
<suppressed ~9 debug messages>

2.7.10. Executing OPT_REDUCE pass (consolidate $*mux and $reduce_* inputs).
  Optimizing cells in module \reqarb.
Performed a total of 0 changes.

2.7.11. Executing OPT_MERGE pass (detect identical cells).
Finding identical cells in module `\reqarb'.
Removed a total of 0 cells.

2.7.12. Executing OPT_CLEAN pass (remove unused cells and wires).
Finding unused cells or wires in module \reqarb..

2.7.13. Executing OPT_EXPR pass (perform const folding).
Optimizing module reqarb.

2.7.14. Finished OPT passes. (There is nothing left to do.)

2.8. Executing WREDUCE pass (reducing word size of cells).

2.9. Executing OPT_CLEAN pass (remove unused cells and wires).
Finding unused cells or wires in module \reqarb..

2.10. Executing MEMORY_COLLECT pass (generating $mem cells).

2.11. Executing OPT pass (performing simple optimizations).

2.11.1. Executing OPT_EXPR pass (perform const folding).
Optimizing module reqarb.

2.11.2. Executing OPT_MERGE pass (detect identical cells).
Finding identical cells in module `\reqarb'.
Removed a total of 0 cells.

2.11.3. Executing OPT_CLEAN pass (remove unused cells and wires).
Finding unused cells or wires in module \reqarb..

2.11.4. Finished fast OPT passes.

2.12. Printing statistics.

=== reqarb ===

   Number of wires:                 50
   Number of wire bits:             50
   Number of public wires:          12
   Number of public wire bits:      12
   Number of memories:               0
   Number of memory bits:            0
   Number of processes:              0
   Number of cells:                 48
     $assert                         2
     $assume                         3
     $dff                           12
     $eq                             3
     $logic_and                      8
     $logic_not                      4
     $logic_or                       5
     $mux                           11

2.13. Executing CHECK pass (checking for obvious problems).
Checking module reqarb...
Found and reported 0 problems.

3. Executing MEMORY_NORDFF pass (extracting $dff cells from memories).

4. Executing ASYNC2SYNC pass.

5. Executing OPT_CLEAN pass (remove unused cells and wires).
Finding unused cells or wires in module \reqarb..
Removed 4 unused cells and 4 unused wires.
<suppressed ~5 debug messages>

6. Executing SETUNDEF pass (replace undef values with defined constants).

7. Executing OPT pass (performing simple optimizations).

7.1. Executing OPT_EXPR pass (perform const folding).
Optimizing module reqarb.

7.2. Executing OPT_MERGE pass (detect identical cells).
Finding identical cells in module `\reqarb'.
Removed a total of 0 cells.

7.3. Executing OPT_DFF pass (perform DFF optimizations).
Adding SRST signal on $procdff$96 ($dff) from module reqarb (D = $procmux$80_Y, Q = \a_is_the_owner, rval = 1'0).
Adding EN signal on $auto$ff.cc:262:slice$103 ($sdff) from module reqarb (D = $procmux$80_Y, Q = \a_is_the_owner).

7.4. Executing OPT_CLEAN pass (remove unused cells and wires).
Finding unused cells or wires in module \reqarb..
Removed 1 unused cells and 1 unused wires.
<suppressed ~2 debug messages>

7.5. Rerunning OPT passes. (Removed registers in this run.)

7.6. Executing OPT_EXPR pass (perform const folding).
Optimizing module reqarb.
<suppressed ~1 debug messages>

7.7. Executing OPT_MERGE pass (detect identical cells).
Finding identical cells in module `\reqarb'.
Removed a total of 0 cells.

7.8. Executing OPT_DFF pass (perform DFF optimizations).

7.9. Executing OPT_CLEAN pass (remove unused cells and wires).
Finding unused cells or wires in module \reqarb..

7.10. Finished fast OPT passes.

8. Executing CHECK pass (checking for obvious problems).
Checking module reqarb...
Found and reported 0 problems.

9. Executing HIERARCHY pass (managing design hierarchy).

9.1. Analyzing design hierarchy..
Top module:  \reqarb

9.2. Analyzing design hierarchy..
Top module:  \reqarb
Removed 0 unused modules.
Module reqarb directly or indirectly contains formal properties -> setting "keep" attribute.

10. Executing RTLIL backend.
Output filename: ../model/design.il

End of script. Logfile hash: 01ae49f0ad, CPU: user 0.02s system 0.00s, MEM: 14.17 MB peak
Yosys 0.18 (git sha1 19ce3b45d6, gcc 11.3.0 -fPIC -Os)
Time spent: 28% 8x opt_clean (0 sec), 25% 8x opt_expr (0 sec), ...
